<?xml version="1.0" encoding="UTF-8" ?>
<testsuites errors="0"
            failures="1"
            tests="1">

  <testsuite name="test"
    errors="0" failures="1" hostname="" id="" package="test" skipped="0"
    tests="1" time="5.497" timestamp="">
  
    <testcase name="default e2e tests" classname="test" time="5.497" assertions="1">  <failure message="Timed out while waiting for element &lt;#app&gt; to be present for 5000 milliseconds. - expected [0;32m&#34;visible&#34;[0m but got: [0;31m&#34;not found&#34;[0m">    at Object.default e2e tests (/home/pietro/projects/AssocApp/front/test/e2e/specs/test.js:13:7)
    at process._tickCallback (internal/process/next_tick.js:68:7)</failure>

    <failure message="    at Object.default e2e tests (/home/pietro/projects/AssocApp/front/test/e2e/specs/test.js:13:7)">    at process._tickCallback (internal/process/next_tick.js:68:7)</failure>
    </testcase>
  

  

  
  </testsuite>
</testsuites>
